{
"src/app/about/about.component.ts":{"path":"src/app/about/about.component.ts","statementMap":{"1":{"start":{"line":1,"column":0},"end":{"line":1,"column":42}},"2":{"start":{"line":2,"column":0},"end":{"line":2,"column":49}},"3":{"start":{"line":22,"column":0},"end":{"line":58,"column":1}},"4":{"start":{"line":24,"column":2},"end":{"line":26,"column":3}},"5":{"start":{"line":24,"column":21},"end":{"line":24,"column":42}},"6":{"start":{"line":28,"column":2},"end":{"line":42,"column":3}},"7":{"start":{"line":29,"column":4},"end":{"line":34,"column":9}},"8":{"start":{"line":33,"column":8},"end":{"line":33,"column":40}},"9":{"start":{"line":36,"column":4},"end":{"line":36,"column":43}},"10":{"start":{"line":41,"column":4},"end":{"line":41,"column":32}},"11":{"start":{"line":43,"column":2},"end":{"line":56,"column":3}},"12":{"start":{"line":47,"column":4},"end":{"line":55,"column":7}},"13":{"start":{"line":49,"column":6},"end":{"line":53,"column":11}},"14":{"start":{"line":51,"column":10},"end":{"line":51,"column":46}},"15":{"start":{"line":52,"column":10},"end":{"line":52,"column":33}},"16":{"start":{"line":58,"column":0},"end":{"line":58,"column":1}},"17":{"start":{"line":22,"column":13},"end":{"line":22,"column":27}}},"fnMap":{"1":{"name":"(anonymous_1)","line":22,"loc":{"start":{"line":22,"column":0},"end":{"line":null,"column":-1}}},"2":{"name":"AboutComponent","line":24,"loc":{"start":{"line":24,"column":2},"end":{"line":24,"column":42}}},"3":{"name":"(anonymous_3)","line":28,"loc":{"start":{"line":28,"column":2},"end":{"line":null,"column":-1}}},"4":{"name":"(anonymous_4)","line":31,"loc":{"start":{"line":31,"column":17},"end":{"line":31,"column":27}}},"5":{"name":"(anonymous_5)","line":43,"loc":{"start":{"line":43,"column":2},"end":{"line":null,"column":-1}}},"6":{"name":"(anonymous_6)","line":47,"loc":{"start":{"line":47,"column":15},"end":{"line":null,"column":-1}}},"7":{"name":"(anonymous_7)","line":50,"loc":{"start":{"line":50,"column":14},"end":{"line":50,"column":18}}}},"branchMap":{},"s":{"1":1,"2":1,"3":2,"4":1,"5":1,"6":2,"7":1,"8":1,"9":1,"10":1,"11":2,"12":1,"13":0,"14":0,"15":0,"16":1,"17":1},"b":{},"f":{"1":1,"2":1,"3":1,"4":1,"5":1,"6":0,"7":0},"l":{"1":1,"2":1,"22":2,"24":1,"28":2,"29":1,"33":1,"36":1,"41":1,"43":2,"47":1,"49":0,"51":0,"52":0,"58":1}},
"src/app/app.component.ts":{"path":"src/app/app.component.ts","statementMap":{"1":{"start":{"line":4,"column":0},"end":{"line":4,"column":61}},"2":{"start":{"line":6,"column":0},"end":{"line":6,"column":41}},"3":{"start":{"line":61,"column":0},"end":{"line":75,"column":1}},"4":{"start":{"line":66,"column":2},"end":{"line":69,"column":3}},"5":{"start":{"line":67,"column":11},"end":{"line":67,"column":29}},"6":{"start":{"line":62,"column":2},"end":{"line":62,"column":58}},"7":{"start":{"line":63,"column":2},"end":{"line":63,"column":37}},"8":{"start":{"line":64,"column":2},"end":{"line":64,"column":43}},"9":{"start":{"line":71,"column":2},"end":{"line":73,"column":3}},"10":{"start":{"line":72,"column":4},"end":{"line":72,"column":58}},"11":{"start":{"line":75,"column":0},"end":{"line":75,"column":1}},"12":{"start":{"line":61,"column":13},"end":{"line":61,"column":25}}},"fnMap":{"1":{"name":"(anonymous_1)","line":61,"loc":{"start":{"line":61,"column":0},"end":{"line":null,"column":-1}}},"2":{"name":"AppComponent","line":66,"loc":{"start":{"line":66,"column":2},"end":{"line":67,"column":29}}},"3":{"name":"(anonymous_3)","line":71,"loc":{"start":{"line":71,"column":2},"end":{"line":null,"column":-1}}}},"branchMap":{},"s":{"1":1,"2":1,"3":2,"4":1,"5":1,"6":1,"7":1,"8":1,"9":1,"10":0,"11":1,"12":1},"b":{},"f":{"1":1,"2":1,"3":0},"l":{"4":1,"6":1,"61":2,"62":1,"63":1,"64":1,"66":1,"67":1,"71":1,"72":0,"75":1}},
"src/app/app.service.ts":{"path":"src/app/app.service.ts","statementMap":{"1":{"start":{"line":1,"column":0},"end":{"line":1,"column":43}},"2":{"start":{"line":8,"column":0},"end":{"line":41,"column":1}},"3":{"start":{"line":11,"column":2},"end":{"line":13,"column":3}},"4":{"start":{"line":9,"column":2},"end":{"line":9,"column":34}},"5":{"start":{"line":16,"column":2},"end":{"line":18,"column":3}},"6":{"start":{"line":17,"column":4},"end":{"line":17,"column":50}},"7":{"start":{"line":21,"column":4},"end":{"line":21,"column":59}},"8":{"start":{"line":25,"column":2},"end":{"line":29,"column":3}},"9":{"start":{"line":27,"column":4},"end":{"line":27,"column":29}},"10":{"start":{"line":28,"column":4},"end":{"line":28,"column":60}},"11":{"start":{"line":31,"column":2},"end":{"line":34,"column":3}},"12":{"start":{"line":33,"column":4},"end":{"line":33,"column":37}},"13":{"start":{"line":37,"column":10},"end":{"line":40,"column":3}},"14":{"start":{"line":39,"column":4},"end":{"line":39,"column":48}},"15":{"start":{"line":41,"column":0},"end":{"line":41,"column":1}},"16":{"start":{"line":8,"column":13},"end":{"line":8,"column":21}}},"fnMap":{"1":{"name":"(anonymous_1)","line":8,"loc":{"start":{"line":8,"column":0},"end":{"line":null,"column":-1}}},"2":{"name":"AppState","line":11,"loc":{"start":{"line":11,"column":2},"end":{"line":null,"column":-1}}},"3":{"name":"(anonymous_3)","line":16,"loc":{"start":{"line":16,"column":2},"end":{"line":null,"column":-1}}},"4":{"name":"(anonymous_4)","line":20,"loc":{"start":{"line":20,"column":2},"end":{"line":20,"column":17}}},"5":{"name":"(anonymous_5)","line":25,"loc":{"start":{"line":25,"column":2},"end":{"line":25,"column":16}}},"6":{"name":"(anonymous_6)","line":31,"loc":{"start":{"line":31,"column":2},"end":{"line":31,"column":30}}},"7":{"name":"(anonymous_7)","line":37,"loc":{"start":{"line":37,"column":2},"end":{"line":37,"column":42}}}},"branchMap":{"1":{"line":28,"type":"cond-expr","locations":[{"start":{"line":28,"column":40},"end":{"line":28,"column":51}},{"start":{"line":28,"column":54},"end":{"line":28,"column":59}}]}},"s":{"1":1,"2":2,"3":1,"4":4,"5":1,"6":0,"7":0,"8":1,"9":0,"10":0,"11":1,"12":0,"13":1,"14":0,"15":1,"16":1},"b":{"1":[0,0]},"f":{"1":1,"2":4,"3":0,"4":0,"5":0,"6":0,"7":0},"l":{"1":1,"8":2,"9":4,"11":1,"16":1,"17":0,"21":0,"25":1,"27":0,"28":0,"31":1,"33":0,"37":1,"39":0,"41":1}},
"src/app/home/home.component.ts":{"path":"src/app/home/home.component.ts","statementMap":{"1":{"start":{"line":1,"column":0},"end":{"line":1,"column":42}},"2":{"start":{"line":3,"column":0},"end":{"line":3,"column":42}},"3":{"start":{"line":4,"column":0},"end":{"line":4,"column":32}},"4":{"start":{"line":24,"column":0},"end":{"line":49,"column":1}},"5":{"start":{"line":31,"column":2},"end":{"line":33,"column":3}},"6":{"start":{"line":31,"column":21},"end":{"line":31,"column":39}},"7":{"start":{"line":31,"column":48},"end":{"line":31,"column":60}},"8":{"start":{"line":26,"column":2},"end":{"line":26,"column":29}},"9":{"start":{"line":27,"column":2},"end":{"line":27,"column":26}},"10":{"start":{"line":28,"column":2},"end":{"line":28,"column":20}},"11":{"start":{"line":35,"column":2},"end":{"line":42,"column":3}},"12":{"start":{"line":36,"column":4},"end":{"line":36,"column":42}},"13":{"start":{"line":37,"column":4},"end":{"line":37,"column":21}},"14":{"start":{"line":38,"column":4},"end":{"line":38,"column":52}},"15":{"start":{"line":39,"column":4},"end":{"line":39,"column":30}},"16":{"start":{"line":41,"column":4},"end":{"line":41,"column":67}},"17":{"start":{"line":41,"column":43},"end":{"line":41,"column":65}},"18":{"start":{"line":44,"column":2},"end":{"line":48,"column":3}},"19":{"start":{"line":45,"column":4},"end":{"line":45,"column":38}},"20":{"start":{"line":46,"column":4},"end":{"line":46,"column":38}},"21":{"start":{"line":47,"column":4},"end":{"line":47,"column":31}},"22":{"start":{"line":49,"column":0},"end":{"line":49,"column":1}},"23":{"start":{"line":24,"column":13},"end":{"line":24,"column":26}}},"fnMap":{"1":{"name":"(anonymous_1)","line":24,"loc":{"start":{"line":24,"column":0},"end":{"line":null,"column":-1}}},"2":{"name":"HomeComponent","line":31,"loc":{"start":{"line":31,"column":2},"end":{"line":31,"column":60}}},"3":{"name":"(anonymous_3)","line":35,"loc":{"start":{"line":35,"column":2},"end":{"line":null,"column":-1}}},"4":{"name":"(anonymous_4)","line":41,"loc":{"start":{"line":41,"column":35},"end":{"line":41,"column":39}}},"5":{"name":"(anonymous_5)","line":44,"loc":{"start":{"line":44,"column":2},"end":{"line":44,"column":27}}}},"branchMap":{"1":{"line":31,"type":"binary-expr","locations":[{"start":{"line":31,"column":39},"end":{"line":31,"column":60}},{"start":{"line":31,"column":60},"end":{"line":null,"column":-1}},{"start":{"line":31,"column":60},"end":{"line":null,"column":-1}}]},"2":{"line":31,"type":"binary-expr","locations":[{"start":{"line":31,"column":39},"end":{"line":31,"column":60}},{"start":{"line":31,"column":55},"end":{"line":31,"column":60}}]}},"s":{"1":1,"2":1,"3":1,"4":2,"5":1,"6":3,"7":3,"8":3,"9":3,"10":3,"11":2,"12":1,"13":1,"14":1,"15":0,"16":0,"17":0,"18":1,"19":0,"20":0,"21":0,"22":1,"23":1},"b":{"1":[1,1,0],"2":[1,1]},"f":{"1":1,"2":3,"3":1,"4":0,"5":0},"l":{"1":1,"3":1,"4":1,"24":2,"26":3,"27":3,"28":3,"31":3,"35":2,"36":1,"37":1,"38":1,"39":0,"41":0,"44":1,"45":0,"46":0,"47":0,"49":1}},
"src/app/home/title/index.ts":{"path":"src/app/home/title/index.ts","statementMap":{"1":{"start":{"line":1,"column":0},"end":{"line":1,"column":32}}},"fnMap":{},"branchMap":{},"s":{"1":1},"b":{},"f":{},"l":{"1":1}},
"src/app/home/title/title.service.ts":{"path":"src/app/home/title/title.service.ts","statementMap":{"1":{"start":{"line":1,"column":0},"end":{"line":1,"column":43}},"2":{"start":{"line":2,"column":0},"end":{"line":2,"column":37}},"3":{"start":{"line":5,"column":0},"end":{"line":17,"column":1}},"4":{"start":{"line":7,"column":2},"end":{"line":9,"column":3}},"5":{"start":{"line":7,"column":21},"end":{"line":7,"column":31}},"6":{"start":{"line":6,"column":2},"end":{"line":6,"column":22}},"7":{"start":{"line":11,"column":2},"end":{"line":15,"column":3}},"8":{"start":{"line":12,"column":4},"end":{"line":12,"column":45}},"9":{"start":{"line":13,"column":4},"end":{"line":14,"column":28}},"10":{"start":{"line":14,"column":16},"end":{"line":14,"column":26}},"11":{"start":{"line":17,"column":0},"end":{"line":17,"column":1}},"12":{"start":{"line":5,"column":13},"end":{"line":5,"column":18}}},"fnMap":{"1":{"name":"(anonymous_1)","line":5,"loc":{"start":{"line":5,"column":0},"end":{"line":null,"column":-1}}},"2":{"name":"Title","line":7,"loc":{"start":{"line":7,"column":2},"end":{"line":7,"column":31}}},"3":{"name":"(anonymous_3)","line":11,"loc":{"start":{"line":11,"column":2},"end":{"line":null,"column":-1}}},"4":{"name":"(anonymous_4)","line":14,"loc":{"start":{"line":14,"column":9},"end":{"line":14,"column":12}}}},"branchMap":{},"s":{"1":1,"2":1,"3":2,"4":1,"5":5,"6":5,"7":1,"8":2,"9":2,"10":0,"11":1,"12":1},"b":{},"f":{"1":1,"2":5,"3":2,"4":0},"l":{"1":1,"2":1,"5":2,"6":5,"7":5,"11":1,"12":2,"13":2,"14":0,"17":1}},
"src/app/home/x-large/x-large.directive.ts":{"path":"src/app/home/x-large/x-large.directive.ts","statementMap":{"1":{"start":{"line":1,"column":0},"end":{"line":1,"column":75}},"2":{"start":{"line":9,"column":0},"end":{"line":18,"column":1}},"3":{"start":{"line":10,"column":2},"end":{"line":17,"column":3}},"4":{"start":{"line":16,"column":4},"end":{"line":16,"column":75}},"5":{"start":{"line":18,"column":0},"end":{"line":18,"column":1}},"6":{"start":{"line":9,"column":13},"end":{"line":9,"column":19}}},"fnMap":{"1":{"name":"(anonymous_1)","line":9,"loc":{"start":{"line":9,"column":0},"end":{"line":null,"column":-1}}},"2":{"name":"XLarge","line":10,"loc":{"start":{"line":10,"column":2},"end":{"line":10,"column":53}}}},"branchMap":{"1":{"line":10,"type":"binary-expr","locations":[{"start":{"line":10,"column":33},"end":{"line":10,"column":53}},{"start":{"line":10,"column":53},"end":{"line":null,"column":-1}},{"start":{"line":10,"column":53},"end":{"line":null,"column":-1}}]},"2":{"line":10,"type":"binary-expr","locations":[{"start":{"line":10,"column":33},"end":{"line":10,"column":53}},{"start":{"line":10,"column":45},"end":{"line":10,"column":53}}]}},"s":{"1":1,"2":2,"3":1,"4":1,"5":1,"6":1},"b":{"1":[1,1,0],"2":[1,1]},"f":{"1":1,"2":1},"l":{"1":1,"9":2,"10":1,"16":1,"18":1}}}
